2022-11-27 09:09:53,505 INFO o.s.b.StartupInfoLogger [restartedMain] Starting CollegelibraryProjectApplication using Java 1.8.0_351 on DESKTOP-JLF0AB7 with PID 14192 (C:\Users\siddu\Documents\workspace-sts-3.9.10.RELEASE\collegelibraryProject\target\classes started by siddu in C:\Users\siddu\Documents\workspace-sts-3.9.10.RELEASE\collegelibraryProject)
2022-11-27 09:09:53,949 INFO o.s.b.SpringApplication [restartedMain] No active profile set, falling back to 1 default profile: "default"
2022-11-27 09:09:54,021 INFO o.s.b.l.DeferredLog [restartedMain] Devtools property defaults active! Set 'spring.devtools.add-properties' to 'false' to disable
2022-11-27 09:09:54,037 INFO o.s.b.l.DeferredLog [restartedMain] For additional web related logging consider setting the 'logging.level.web' property to 'DEBUG'
2022-11-27 09:09:55,482 INFO o.s.d.r.c.RepositoryConfigurationDelegate [restartedMain] Bootstrapping Spring Data JPA repositories in DEFAULT mode.
2022-11-27 09:09:55,589 INFO o.s.d.r.c.RepositoryConfigurationDelegate [restartedMain] Finished Spring Data repository scanning in 102 ms. Found 5 JPA repository interfaces.
2022-11-27 09:09:56,119 INFO o.s.c.s.PostProcessorRegistrationDelegate$BeanPostProcessorChecker [restartedMain] Bean 'org.springframework.ws.config.annotation.DelegatingWsConfiguration' of type [org.springframework.ws.config.annotation.DelegatingWsConfiguration$$EnhancerBySpringCGLIB$$83a0770] is not eligible for getting processed by all BeanPostProcessors (for example: not eligible for auto-proxying)
2022-11-27 09:09:56,166 INFO o.s.w.s.a.s.AbstractAddressingEndpointMapping [restartedMain] Supporting [WS-Addressing August 2004, WS-Addressing 1.0]
2022-11-27 09:09:58,264 INFO o.s.b.w.e.t.TomcatWebServer [restartedMain] Tomcat initialized with port(s): 8081 (http)
2022-11-27 09:09:58,279 INFO o.a.j.l.DirectJDKLog [restartedMain] Initializing ProtocolHandler ["http-nio-8081"]
2022-11-27 09:09:58,294 INFO o.a.j.l.DirectJDKLog [restartedMain] Starting service [Tomcat]
2022-11-27 09:09:58,294 INFO o.a.j.l.DirectJDKLog [restartedMain] Starting Servlet engine: [Apache Tomcat/9.0.68]
2022-11-27 09:09:58,447 INFO o.a.j.l.DirectJDKLog [restartedMain] Initializing Spring embedded WebApplicationContext
2022-11-27 09:09:58,447 INFO o.s.b.w.s.c.ServletWebServerApplicationContext [restartedMain] Root WebApplicationContext: initialization completed in 4410 ms
2022-11-27 09:09:58,734 INFO o.h.j.i.u.LogHelper [restartedMain] HHH000204: Processing PersistenceUnitInfo [name: default]
2022-11-27 09:09:58,818 INFO o.h.Version [restartedMain] HHH000412: Hibernate ORM core version 5.6.12.Final
2022-11-27 09:09:59,601 INFO o.h.a.c.r.j.JavaReflectionManager [restartedMain] HCANN000001: Hibernate Commons Annotations {5.1.2.Final}
2022-11-27 09:09:59,911 INFO c.z.h.HikariDataSource [restartedMain] HikariPool-1 - Starting...
2022-11-27 09:10:01,292 INFO c.z.h.HikariDataSource [restartedMain] HikariPool-1 - Start completed.
2022-11-27 09:10:01,333 INFO o.h.d.Dialect [restartedMain] HHH000400: Using dialect: org.hibernate.dialect.MySQL5Dialect
2022-11-27 09:10:05,306 INFO o.h.e.t.j.p.i.JtaPlatformInitiator [restartedMain] HHH000490: Using JtaPlatform implementation: [org.hibernate.engine.transaction.jta.platform.internal.NoJtaPlatform]
2022-11-27 09:10:05,363 INFO o.s.o.j.AbstractEntityManagerFactoryBean [restartedMain] Initialized JPA EntityManagerFactory for persistence unit 'default'
2022-11-27 09:10:09,021 INFO o.s.s.w.DefaultSecurityFilterChain [restartedMain] Will secure any request with [org.springframework.security.web.session.DisableEncodeUrlFilter@38194351, org.springframework.security.web.context.request.async.WebAsyncManagerIntegrationFilter@246d227d, org.springframework.security.web.context.SecurityContextPersistenceFilter@7034d0ce, org.springframework.security.web.header.HeaderWriterFilter@343d4a6e, org.springframework.security.web.authentication.logout.LogoutFilter@7139a04a, org.springframework.security.web.authentication.UsernamePasswordAuthenticationFilter@3b761e63, org.springframework.security.web.authentication.ui.DefaultLoginPageGeneratingFilter@65654fd1, org.springframework.security.web.authentication.ui.DefaultLogoutPageGeneratingFilter@601f80a3, org.springframework.security.web.savedrequest.RequestCacheAwareFilter@39833574, org.springframework.security.web.servletapi.SecurityContextHolderAwareRequestFilter@13576eb7, org.springframework.security.web.authentication.AnonymousAuthenticationFilter@5be39c5f, org.springframework.security.web.session.SessionManagementFilter@4bee1d94, org.springframework.security.web.access.ExceptionTranslationFilter@3eab131a, org.springframework.security.web.access.intercept.FilterSecurityInterceptor@401a513c]
2022-11-27 09:10:09,059 INFO s.d.s.w.PropertySourcedRequestMappingHandlerMapping [restartedMain] Mapped URL path [/v2/api-docs] onto method [springfox.documentation.swagger2.web.Swagger2Controller#getDocumentation(String, HttpServletRequest)]
2022-11-27 09:10:09,241 INFO o.s.b.d.a.OptionalLiveReloadServer [restartedMain] LiveReload server is running on port 35729
2022-11-27 09:10:09,440 WARN o.s.b.a.o.j.JpaBaseConfiguration$JpaWebConfiguration [restartedMain] spring.jpa.open-in-view is enabled by default. Therefore, database queries may be performed during view rendering. Explicitly configure spring.jpa.open-in-view to disable this warning
2022-11-27 09:10:09,956 INFO o.a.j.l.DirectJDKLog [restartedMain] Starting ProtocolHandler ["http-nio-8081"]
2022-11-27 09:10:10,050 INFO o.s.b.w.e.t.TomcatWebServer [restartedMain] Tomcat started on port(s): 8081 (http) with context path ''
2022-11-27 09:10:10,061 INFO s.d.s.w.p.DocumentationPluginsBootstrapper [restartedMain] Context refreshed
2022-11-27 09:10:10,092 INFO s.d.s.w.p.DocumentationPluginsBootstrapper [restartedMain] Found 1 custom documentation plugin(s)
2022-11-27 09:10:10,139 INFO s.d.s.w.s.ApiListingReferenceScanner [restartedMain] Scanning for api listing references
2022-11-27 09:10:10,429 INFO o.s.b.StartupInfoLogger [restartedMain] Started CollegelibraryProjectApplication in 17.596 seconds (JVM running for 18.723)
2022-11-27 09:10:10,435 INFO c.c.l.CollegelibraryProjectApplication [restartedMain] Application started
2022-11-27 09:18:03,387 INFO o.a.j.l.DirectJDKLog [http-nio-8081-exec-1] Initializing Spring DispatcherServlet 'dispatcherServlet'
2022-11-27 09:18:03,387 INFO o.s.w.s.FrameworkServlet [http-nio-8081-exec-1] Initializing Servlet 'dispatcherServlet'
2022-11-27 09:18:03,390 INFO o.s.w.s.FrameworkServlet [http-nio-8081-exec-1] Completed initialization in 3 ms
2022-11-27 09:29:20,873 INFO o.s.b.StartupInfoLogger [restartedMain] Starting CollegelibraryProjectApplication using Java 1.8.0_351 on DESKTOP-JLF0AB7 with PID 13172 (C:\Users\siddu\Documents\workspace-sts-3.9.10.RELEASE\collegelibraryProject\target\classes started by siddu in C:\Users\siddu\Documents\workspace-sts-3.9.10.RELEASE\collegelibraryProject)
2022-11-27 09:29:20,884 INFO o.s.b.SpringApplication [restartedMain] No active profile set, falling back to 1 default profile: "default"
2022-11-27 09:29:20,981 INFO o.s.b.l.DeferredLog [restartedMain] Devtools property defaults active! Set 'spring.devtools.add-properties' to 'false' to disable
2022-11-27 09:29:20,981 INFO o.s.b.l.DeferredLog [restartedMain] For additional web related logging consider setting the 'logging.level.web' property to 'DEBUG'
2022-11-27 09:29:22,547 INFO o.s.d.r.c.RepositoryConfigurationDelegate [restartedMain] Bootstrapping Spring Data JPA repositories in DEFAULT mode.
2022-11-27 09:29:22,807 INFO o.s.d.r.c.RepositoryConfigurationDelegate [restartedMain] Finished Spring Data repository scanning in 244 ms. Found 5 JPA repository interfaces.
2022-11-27 09:29:23,366 INFO o.s.c.s.PostProcessorRegistrationDelegate$BeanPostProcessorChecker [restartedMain] Bean 'org.springframework.ws.config.annotation.DelegatingWsConfiguration' of type [org.springframework.ws.config.annotation.DelegatingWsConfiguration$$EnhancerBySpringCGLIB$$27c91e85] is not eligible for getting processed by all BeanPostProcessors (for example: not eligible for auto-proxying)
2022-11-27 09:29:23,397 INFO o.s.w.s.a.s.AbstractAddressingEndpointMapping [restartedMain] Supporting [WS-Addressing August 2004, WS-Addressing 1.0]
2022-11-27 09:29:24,280 INFO o.s.b.w.e.t.TomcatWebServer [restartedMain] Tomcat initialized with port(s): 8081 (http)
2022-11-27 09:29:24,291 INFO o.a.j.l.DirectJDKLog [restartedMain] Initializing ProtocolHandler ["http-nio-8081"]
2022-11-27 09:29:24,291 INFO o.a.j.l.DirectJDKLog [restartedMain] Starting service [Tomcat]
2022-11-27 09:29:24,291 INFO o.a.j.l.DirectJDKLog [restartedMain] Starting Servlet engine: [Apache Tomcat/9.0.68]
2022-11-27 09:29:24,552 INFO o.a.j.l.DirectJDKLog [restartedMain] Initializing Spring embedded WebApplicationContext
2022-11-27 09:29:24,554 INFO o.s.b.w.s.c.ServletWebServerApplicationContext [restartedMain] Root WebApplicationContext: initialization completed in 3572 ms
2022-11-27 09:29:24,827 INFO o.h.j.i.u.LogHelper [restartedMain] HHH000204: Processing PersistenceUnitInfo [name: default]
2022-11-27 09:29:24,917 INFO o.h.Version [restartedMain] HHH000412: Hibernate ORM core version 5.6.12.Final
2022-11-27 09:29:25,208 INFO o.h.a.c.r.j.JavaReflectionManager [restartedMain] HCANN000001: Hibernate Commons Annotations {5.1.2.Final}
2022-11-27 09:29:25,414 INFO c.z.h.HikariDataSource [restartedMain] HikariPool-1 - Starting...
2022-11-27 09:29:26,274 INFO c.z.h.HikariDataSource [restartedMain] HikariPool-1 - Start completed.
2022-11-27 09:29:26,300 INFO o.h.d.Dialect [restartedMain] HHH000400: Using dialect: org.hibernate.dialect.MySQL5Dialect
2022-11-27 09:29:28,747 INFO o.h.e.t.j.p.i.JtaPlatformInitiator [restartedMain] HHH000490: Using JtaPlatform implementation: [org.hibernate.engine.transaction.jta.platform.internal.NoJtaPlatform]
2022-11-27 09:29:28,778 INFO o.s.o.j.AbstractEntityManagerFactoryBean [restartedMain] Initialized JPA EntityManagerFactory for persistence unit 'default'
2022-11-27 09:29:30,377 INFO o.s.s.w.DefaultSecurityFilterChain [restartedMain] Will secure any request with [org.springframework.security.web.session.DisableEncodeUrlFilter@458dbfaf, org.springframework.security.web.context.request.async.WebAsyncManagerIntegrationFilter@7976080b, org.springframework.security.web.context.SecurityContextPersistenceFilter@5a3bd15e, org.springframework.security.web.header.HeaderWriterFilter@788ed67d, org.springframework.security.web.authentication.logout.LogoutFilter@556215e4, org.springframework.security.web.authentication.www.BasicAuthenticationFilter@2fb2f94e, org.springframework.security.web.savedrequest.RequestCacheAwareFilter@2a8afeb5, org.springframework.security.web.servletapi.SecurityContextHolderAwareRequestFilter@2bdee3f3, org.springframework.security.web.authentication.AnonymousAuthenticationFilter@7931ddea, org.springframework.security.web.session.SessionManagementFilter@23216c93, org.springframework.security.web.access.ExceptionTranslationFilter@23a3b4b, org.springframework.security.web.access.intercept.FilterSecurityInterceptor@3c6377e1]
2022-11-27 09:29:30,425 INFO s.d.s.w.PropertySourcedRequestMappingHandlerMapping [restartedMain] Mapped URL path [/v2/api-docs] onto method [springfox.documentation.swagger2.web.Swagger2Controller#getDocumentation(String, HttpServletRequest)]
2022-11-27 09:29:30,574 INFO o.s.b.d.a.OptionalLiveReloadServer [restartedMain] LiveReload server is running on port 35729
2022-11-27 09:29:30,833 WARN o.s.b.a.o.j.JpaBaseConfiguration$JpaWebConfiguration [restartedMain] spring.jpa.open-in-view is enabled by default. Therefore, database queries may be performed during view rendering. Explicitly configure spring.jpa.open-in-view to disable this warning
2022-11-27 09:29:31,060 INFO o.a.j.l.DirectJDKLog [restartedMain] Starting ProtocolHandler ["http-nio-8081"]
2022-11-27 09:29:31,092 INFO o.s.b.w.e.t.TomcatWebServer [restartedMain] Tomcat started on port(s): 8081 (http) with context path ''
2022-11-27 09:29:31,092 INFO s.d.s.w.p.DocumentationPluginsBootstrapper [restartedMain] Context refreshed
2022-11-27 09:29:31,123 INFO s.d.s.w.p.DocumentationPluginsBootstrapper [restartedMain] Found 1 custom documentation plugin(s)
2022-11-27 09:29:31,154 INFO s.d.s.w.s.ApiListingReferenceScanner [restartedMain] Scanning for api listing references
2022-11-27 09:29:31,426 INFO o.s.b.StartupInfoLogger [restartedMain] Started CollegelibraryProjectApplication in 11.057 seconds (JVM running for 12.363)
2022-11-27 09:29:31,437 INFO c.c.l.CollegelibraryProjectApplication [restartedMain] Application started
2022-11-27 09:30:05,165 INFO o.s.b.StartupInfoLogger [restartedMain] Starting CollegelibraryProjectApplication using Java 1.8.0_351 on DESKTOP-JLF0AB7 with PID 21524 (C:\Users\siddu\Documents\workspace-sts-3.9.10.RELEASE\collegelibraryProject\target\classes started by siddu in C:\Users\siddu\Documents\workspace-sts-3.9.10.RELEASE\collegelibraryProject)
2022-11-27 09:30:05,181 INFO o.s.b.SpringApplication [restartedMain] No active profile set, falling back to 1 default profile: "default"
2022-11-27 09:30:05,306 INFO o.s.b.l.DeferredLog [restartedMain] Devtools property defaults active! Set 'spring.devtools.add-properties' to 'false' to disable
2022-11-27 09:30:05,306 INFO o.s.b.l.DeferredLog [restartedMain] For additional web related logging consider setting the 'logging.level.web' property to 'DEBUG'
2022-11-27 09:30:06,794 INFO o.s.d.r.c.RepositoryConfigurationDelegate [restartedMain] Bootstrapping Spring Data JPA repositories in DEFAULT mode.
2022-11-27 09:30:06,929 INFO o.s.d.r.c.RepositoryConfigurationDelegate [restartedMain] Finished Spring Data repository scanning in 118 ms. Found 5 JPA repository interfaces.
2022-11-27 09:30:07,478 INFO o.s.c.s.PostProcessorRegistrationDelegate$BeanPostProcessorChecker [restartedMain] Bean 'org.springframework.ws.config.annotation.DelegatingWsConfiguration' of type [org.springframework.ws.config.annotation.DelegatingWsConfiguration$$EnhancerBySpringCGLIB$$f7a68f9c] is not eligible for getting processed by all BeanPostProcessors (for example: not eligible for auto-proxying)
2022-11-27 09:30:07,524 INFO o.s.w.s.a.s.AbstractAddressingEndpointMapping [restartedMain] Supporting [WS-Addressing August 2004, WS-Addressing 1.0]
2022-11-27 09:30:08,453 INFO o.s.b.w.e.t.TomcatWebServer [restartedMain] Tomcat initialized with port(s): 8081 (http)
2022-11-27 09:30:08,471 INFO o.a.j.l.DirectJDKLog [restartedMain] Initializing ProtocolHandler ["http-nio-8081"]
2022-11-27 09:30:08,473 INFO o.a.j.l.DirectJDKLog [restartedMain] Starting service [Tomcat]
2022-11-27 09:30:08,473 INFO o.a.j.l.DirectJDKLog [restartedMain] Starting Servlet engine: [Apache Tomcat/9.0.68]
2022-11-27 09:30:09,758 INFO o.a.j.l.DirectJDKLog [restartedMain] Initializing Spring embedded WebApplicationContext
2022-11-27 09:30:09,769 INFO o.s.b.w.s.c.ServletWebServerApplicationContext [restartedMain] Root WebApplicationContext: initialization completed in 4463 ms
2022-11-27 09:30:10,039 INFO o.h.j.i.u.LogHelper [restartedMain] HHH000204: Processing PersistenceUnitInfo [name: default]
2022-11-27 09:30:10,108 INFO o.h.Version [restartedMain] HHH000412: Hibernate ORM core version 5.6.12.Final
2022-11-27 09:30:10,410 INFO o.h.a.c.r.j.JavaReflectionManager [restartedMain] HCANN000001: Hibernate Commons Annotations {5.1.2.Final}
2022-11-27 09:30:10,594 INFO c.z.h.HikariDataSource [restartedMain] HikariPool-1 - Starting...
2022-11-27 09:30:11,345 INFO c.z.h.HikariDataSource [restartedMain] HikariPool-1 - Start completed.
2022-11-27 09:30:11,370 INFO o.h.d.Dialect [restartedMain] HHH000400: Using dialect: org.hibernate.dialect.MySQL5Dialect
2022-11-27 09:30:13,653 INFO o.h.e.t.j.p.i.JtaPlatformInitiator [restartedMain] HHH000490: Using JtaPlatform implementation: [org.hibernate.engine.transaction.jta.platform.internal.NoJtaPlatform]
2022-11-27 09:30:13,669 INFO o.s.o.j.AbstractEntityManagerFactoryBean [restartedMain] Initialized JPA EntityManagerFactory for persistence unit 'default'
2022-11-27 09:30:15,265 INFO o.s.s.w.DefaultSecurityFilterChain [restartedMain] Will secure any request with [org.springframework.security.web.session.DisableEncodeUrlFilter@be24d9b, org.springframework.security.web.context.request.async.WebAsyncManagerIntegrationFilter@1b0305d5, org.springframework.security.web.context.SecurityContextPersistenceFilter@2537b5ff, org.springframework.security.web.header.HeaderWriterFilter@33686c00, org.springframework.security.web.authentication.logout.LogoutFilter@655772d3, org.springframework.security.web.authentication.www.BasicAuthenticationFilter@6c801667, org.springframework.security.web.savedrequest.RequestCacheAwareFilter@3264d53b, org.springframework.security.web.servletapi.SecurityContextHolderAwareRequestFilter@5e1f7659, org.springframework.security.web.authentication.AnonymousAuthenticationFilter@150eb1c5, org.springframework.security.web.session.SessionManagementFilter@5a74890b, org.springframework.security.web.access.ExceptionTranslationFilter@64bcdd66, org.springframework.security.web.access.intercept.FilterSecurityInterceptor@7b05ffd7]
2022-11-27 09:30:15,321 INFO s.d.s.w.PropertySourcedRequestMappingHandlerMapping [restartedMain] Mapped URL path [/v2/api-docs] onto method [springfox.documentation.swagger2.web.Swagger2Controller#getDocumentation(String, HttpServletRequest)]
2022-11-27 09:30:15,489 INFO o.s.b.d.a.OptionalLiveReloadServer [restartedMain] LiveReload server is running on port 35729
2022-11-27 09:30:15,719 WARN o.s.b.a.o.j.JpaBaseConfiguration$JpaWebConfiguration [restartedMain] spring.jpa.open-in-view is enabled by default. Therefore, database queries may be performed during view rendering. Explicitly configure spring.jpa.open-in-view to disable this warning
2022-11-27 09:30:15,933 INFO o.a.j.l.DirectJDKLog [restartedMain] Starting ProtocolHandler ["http-nio-8081"]
2022-11-27 09:30:15,964 INFO o.s.b.w.e.t.TomcatWebServer [restartedMain] Tomcat started on port(s): 8081 (http) with context path ''
2022-11-27 09:30:15,964 INFO s.d.s.w.p.DocumentationPluginsBootstrapper [restartedMain] Context refreshed
2022-11-27 09:30:16,013 INFO s.d.s.w.p.DocumentationPluginsBootstrapper [restartedMain] Found 1 custom documentation plugin(s)
2022-11-27 09:30:16,038 INFO s.d.s.w.s.ApiListingReferenceScanner [restartedMain] Scanning for api listing references
2022-11-27 09:30:16,314 INFO o.s.b.StartupInfoLogger [restartedMain] Started CollegelibraryProjectApplication in 11.647 seconds (JVM running for 12.897)
2022-11-27 09:30:16,330 INFO c.c.l.CollegelibraryProjectApplication [restartedMain] Application started
2022-11-27 09:31:18,562 INFO o.s.b.StartupInfoLogger [restartedMain] Starting CollegelibraryProjectApplication using Java 1.8.0_351 on DESKTOP-JLF0AB7 with PID 22492 (C:\Users\siddu\Documents\workspace-sts-3.9.10.RELEASE\collegelibraryProject\target\classes started by siddu in C:\Users\siddu\Documents\workspace-sts-3.9.10.RELEASE\collegelibraryProject)
2022-11-27 09:31:18,562 INFO o.s.b.SpringApplication [restartedMain] No active profile set, falling back to 1 default profile: "default"
2022-11-27 09:31:18,669 INFO o.s.b.l.DeferredLog [restartedMain] Devtools property defaults active! Set 'spring.devtools.add-properties' to 'false' to disable
2022-11-27 09:31:18,669 INFO o.s.b.l.DeferredLog [restartedMain] For additional web related logging consider setting the 'logging.level.web' property to 'DEBUG'
2022-11-27 09:31:20,098 INFO o.s.d.r.c.RepositoryConfigurationDelegate [restartedMain] Bootstrapping Spring Data JPA repositories in DEFAULT mode.
2022-11-27 09:31:20,243 INFO o.s.d.r.c.RepositoryConfigurationDelegate [restartedMain] Finished Spring Data repository scanning in 118 ms. Found 5 JPA repository interfaces.
2022-11-27 09:31:20,781 INFO o.s.c.s.PostProcessorRegistrationDelegate$BeanPostProcessorChecker [restartedMain] Bean 'org.springframework.ws.config.annotation.DelegatingWsConfiguration' of type [org.springframework.ws.config.annotation.DelegatingWsConfiguration$$EnhancerBySpringCGLIB$$2c2adce2] is not eligible for getting processed by all BeanPostProcessors (for example: not eligible for auto-proxying)
2022-11-27 09:31:20,828 INFO o.s.w.s.a.s.AbstractAddressingEndpointMapping [restartedMain] Supporting [WS-Addressing August 2004, WS-Addressing 1.0]
2022-11-27 09:31:21,742 INFO o.s.b.w.e.t.TomcatWebServer [restartedMain] Tomcat initialized with port(s): 8081 (http)
2022-11-27 09:31:21,756 INFO o.a.j.l.DirectJDKLog [restartedMain] Initializing ProtocolHandler ["http-nio-8081"]
2022-11-27 09:31:21,772 INFO o.a.j.l.DirectJDKLog [restartedMain] Starting service [Tomcat]
2022-11-27 09:31:21,772 INFO o.a.j.l.DirectJDKLog [restartedMain] Starting Servlet engine: [Apache Tomcat/9.0.68]
2022-11-27 09:31:21,909 INFO o.a.j.l.DirectJDKLog [restartedMain] Initializing Spring embedded WebApplicationContext
2022-11-27 09:31:21,909 INFO o.s.b.w.s.c.ServletWebServerApplicationContext [restartedMain] Root WebApplicationContext: initialization completed in 3224 ms
2022-11-27 09:31:22,180 INFO o.h.j.i.u.LogHelper [restartedMain] HHH000204: Processing PersistenceUnitInfo [name: default]
2022-11-27 09:31:22,258 INFO o.h.Version [restartedMain] HHH000412: Hibernate ORM core version 5.6.12.Final
2022-11-27 09:31:22,545 INFO o.h.a.c.r.j.JavaReflectionManager [restartedMain] HCANN000001: Hibernate Commons Annotations {5.1.2.Final}
2022-11-27 09:31:22,744 INFO c.z.h.HikariDataSource [restartedMain] HikariPool-1 - Starting...
2022-11-27 09:31:23,536 INFO c.z.h.HikariDataSource [restartedMain] HikariPool-1 - Start completed.
2022-11-27 09:31:23,562 INFO o.h.d.Dialect [restartedMain] HHH000400: Using dialect: org.hibernate.dialect.MySQL5Dialect
2022-11-27 09:31:26,090 INFO o.h.e.t.j.p.i.JtaPlatformInitiator [restartedMain] HHH000490: Using JtaPlatform implementation: [org.hibernate.engine.transaction.jta.platform.internal.NoJtaPlatform]
2022-11-27 09:31:26,113 INFO o.s.o.j.AbstractEntityManagerFactoryBean [restartedMain] Initialized JPA EntityManagerFactory for persistence unit 'default'
2022-11-27 09:31:27,838 INFO o.s.s.w.DefaultSecurityFilterChain [restartedMain] Will secure any request with [org.springframework.security.web.session.DisableEncodeUrlFilter@5dfdf8c2, org.springframework.security.web.context.request.async.WebAsyncManagerIntegrationFilter@37369d3d, org.springframework.security.web.context.SecurityContextPersistenceFilter@5c728514, org.springframework.security.web.header.HeaderWriterFilter@8f8fc06, org.springframework.security.web.authentication.logout.LogoutFilter@29c8d92f, org.springframework.security.web.authentication.www.BasicAuthenticationFilter@251ac9c9, org.springframework.security.web.savedrequest.RequestCacheAwareFilter@1f927b64, org.springframework.security.web.servletapi.SecurityContextHolderAwareRequestFilter@61927656, org.springframework.security.web.authentication.AnonymousAuthenticationFilter@e60a429, org.springframework.security.web.session.SessionManagementFilter@768b2712, org.springframework.security.web.access.ExceptionTranslationFilter@125b648, org.springframework.security.web.access.intercept.FilterSecurityInterceptor@774e8478]
2022-11-27 09:31:27,890 INFO s.d.s.w.PropertySourcedRequestMappingHandlerMapping [restartedMain] Mapped URL path [/v2/api-docs] onto method [springfox.documentation.swagger2.web.Swagger2Controller#getDocumentation(String, HttpServletRequest)]
2022-11-27 09:31:28,053 INFO o.s.b.d.a.OptionalLiveReloadServer [restartedMain] LiveReload server is running on port 35729
2022-11-27 09:31:28,292 WARN o.s.b.a.o.j.JpaBaseConfiguration$JpaWebConfiguration [restartedMain] spring.jpa.open-in-view is enabled by default. Therefore, database queries may be performed during view rendering. Explicitly configure spring.jpa.open-in-view to disable this warning
2022-11-27 09:31:28,538 INFO o.a.j.l.DirectJDKLog [restartedMain] Starting ProtocolHandler ["http-nio-8081"]
2022-11-27 09:31:28,569 INFO o.s.b.w.e.t.TomcatWebServer [restartedMain] Tomcat started on port(s): 8081 (http) with context path ''
2022-11-27 09:31:28,569 INFO s.d.s.w.p.DocumentationPluginsBootstrapper [restartedMain] Context refreshed
2022-11-27 09:31:28,600 INFO s.d.s.w.p.DocumentationPluginsBootstrapper [restartedMain] Found 1 custom documentation plugin(s)
2022-11-27 09:31:28,642 INFO s.d.s.w.s.ApiListingReferenceScanner [restartedMain] Scanning for api listing references
2022-11-27 09:31:28,887 INFO o.s.b.StartupInfoLogger [restartedMain] Started CollegelibraryProjectApplication in 10.854 seconds (JVM running for 11.996)
2022-11-27 09:31:28,897 INFO c.c.l.CollegelibraryProjectApplication [restartedMain] Application started
2022-11-27 09:31:34,762 INFO o.a.j.l.DirectJDKLog [http-nio-8081-exec-1] Initializing Spring DispatcherServlet 'dispatcherServlet'
2022-11-27 09:31:34,762 INFO o.s.w.s.FrameworkServlet [http-nio-8081-exec-1] Initializing Servlet 'dispatcherServlet'
2022-11-27 09:31:34,763 INFO o.s.w.s.FrameworkServlet [http-nio-8081-exec-1] Completed initialization in 1 ms
2022-11-27 10:13:53,455 WARN c.z.h.p.HikariPool$HouseKeeper [HikariPool-1 housekeeper] HikariPool-1 - Thread starvation or clock leap detected (housekeeper delta=11m29s338ms707µs300ns).
